The system is: Linux - 4.15.0-142-generic - x86_64
Compiling the CXX compiler identification source file "CMakeCXXCompilerId.cpp" succeeded.
Compiler: /usr/local/bin/c++ 
Build flags: 
Id flags: 

The output was:
0


Compilation of the CXX compiler identification source "CMakeCXXCompilerId.cpp" produced "a.out"

The CXX compiler identification is GNU, found in "/home/cici1109/Desktop/DataBase-project/DataBase-project/build/CMakeFiles/3.5.1/CompilerIdCXX/a.out"

Compiling the C compiler identification source file "CMakeCCompilerId.c" succeeded.
Compiler: /usr/local/bin/gcc 
Build flags: 
Id flags: 

The output was:
0


Compilation of the C compiler identification source "CMakeCCompilerId.c" produced "a.out"

The C compiler identification is GNU, found in "/home/cici1109/Desktop/DataBase-project/DataBase-project/build/CMakeFiles/3.5.1/CompilerIdC/a.out"

Determining if the CXX compiler works passed with the following output:
Change Dir: /home/cici1109/Desktop/DataBase-project/DataBase-project/build/CMakeFiles/CMakeTmp

Run Build Command:"/usr/bin/make" "cmTC_8310d/fast"
/usr/bin/make -f CMakeFiles/cmTC_8310d.dir/build.make CMakeFiles/cmTC_8310d.dir/build
make[1]: Entering directory '/home/cici1109/Desktop/DataBase-project/DataBase-project/build/CMakeFiles/CMakeTmp'
Building CXX object CMakeFiles/cmTC_8310d.dir/testCXXCompiler.cxx.o
/usr/local/bin/c++      -o CMakeFiles/cmTC_8310d.dir/testCXXCompiler.cxx.o -c /home/cici1109/Desktop/DataBase-project/DataBase-project/build/CMakeFiles/CMakeTmp/testCXXCompiler.cxx
Linking CXX executable cmTC_8310d
/usr/bin/cmake -E cmake_link_script CMakeFiles/cmTC_8310d.dir/link.txt --verbose=1
/usr/local/bin/c++        CMakeFiles/cmTC_8310d.dir/testCXXCompiler.cxx.o  -o cmTC_8310d -rdynamic 
make[1]: Leaving directory '/home/cici1109/Desktop/DataBase-project/DataBase-project/build/CMakeFiles/CMakeTmp'


Detecting CXX compiler ABI info compiled with the following output:
Change Dir: /home/cici1109/Desktop/DataBase-project/DataBase-project/build/CMakeFiles/CMakeTmp

Run Build Command:"/usr/bin/make" "cmTC_b64c3/fast"
/usr/bin/make -f CMakeFiles/cmTC_b64c3.dir/build.make CMakeFiles/cmTC_b64c3.dir/build
make[1]: Entering directory '/home/cici1109/Desktop/DataBase-project/DataBase-project/build/CMakeFiles/CMakeTmp'
Building CXX object CMakeFiles/cmTC_b64c3.dir/CMakeCXXCompilerABI.cpp.o
/usr/local/bin/c++      -o CMakeFiles/cmTC_b64c3.dir/CMakeCXXCompilerABI.cpp.o -c /usr/share/cmake-3.5/Modules/CMakeCXXCompilerABI.cpp
Linking CXX executable cmTC_b64c3
/usr/bin/cmake -E cmake_link_script CMakeFiles/cmTC_b64c3.dir/link.txt --verbose=1
/usr/local/bin/c++       -v CMakeFiles/cmTC_b64c3.dir/CMakeCXXCompilerABI.cpp.o  -o cmTC_b64c3 -rdynamic  
Using built-in specs.
COLLECT_GCC=/usr/local/bin/c++
COLLECT_LTO_WRAPPER=/usr/local/libexec/gcc/x86_64-pc-linux-gnu/11.2.0/lto-wrapper
Target: x86_64-pc-linux-gnu
Configured with: ../configure -enable-checking=release -enable-languages=c,c++ -disable-multilib
Thread model: posix
Supported LTO compression algorithms: zlib
gcc version 11.2.0 (GCC) 
COMPILER_PATH=/usr/local/libexec/gcc/x86_64-pc-linux-gnu/11.2.0/:/usr/local/libexec/gcc/x86_64-pc-linux-gnu/11.2.0/:/usr/local/libexec/gcc/x86_64-pc-linux-gnu/:/usr/local/lib/gcc/x86_64-pc-linux-gnu/11.2.0/:/usr/local/lib/gcc/x86_64-pc-linux-gnu/
LIBRARY_PATH=/usr/local/lib/gcc/x86_64-pc-linux-gnu/11.2.0/:/usr/local/lib/gcc/x86_64-pc-linux-gnu/11.2.0/../../../../lib64/:/lib/x86_64-linux-gnu/:/lib/../lib64/:/usr/lib/x86_64-linux-gnu/:/usr/local/lib/gcc/x86_64-pc-linux-gnu/11.2.0/../../../:/lib/:/usr/lib/
COLLECT_GCC_OPTIONS='-v' '-o' 'cmTC_b64c3' '-rdynamic' '-shared-libgcc' '-mtune=generic' '-march=x86-64' '-dumpdir' 'cmTC_b64c3.'
 /usr/local/libexec/gcc/x86_64-pc-linux-gnu/11.2.0/collect2 -plugin /usr/local/libexec/gcc/x86_64-pc-linux-gnu/11.2.0/liblto_plugin.so -plugin-opt=/usr/local/libexec/gcc/x86_64-pc-linux-gnu/11.2.0/lto-wrapper -plugin-opt=-fresolution=/tmp/ccUAq2tv.res -plugin-opt=-pass-through=-lgcc_s -plugin-opt=-pass-through=-lgcc -plugin-opt=-pass-through=-lc -plugin-opt=-pass-through=-lgcc_s -plugin-opt=-pass-through=-lgcc --eh-frame-hdr -m elf_x86_64 -export-dynamic -dynamic-linker /lib64/ld-linux-x86-64.so.2 -o cmTC_b64c3 /usr/lib/x86_64-linux-gnu/crt1.o /usr/lib/x86_64-linux-gnu/crti.o /usr/local/lib/gcc/x86_64-pc-linux-gnu/11.2.0/crtbegin.o -L/usr/local/lib/gcc/x86_64-pc-linux-gnu/11.2.0 -L/usr/local/lib/gcc/x86_64-pc-linux-gnu/11.2.0/../../../../lib64 -L/lib/x86_64-linux-gnu -L/lib/../lib64 -L/usr/lib/x86_64-linux-gnu -L/usr/local/lib/gcc/x86_64-pc-linux-gnu/11.2.0/../../.. CMakeFiles/cmTC_b64c3.dir/CMakeCXXCompilerABI.cpp.o -lstdc++ -lm -lgcc_s -lgcc -lc -lgcc_s -lgcc /usr/local/lib/gcc/x86_64-pc-linux-gnu/11.2.0/crtend.o /usr/lib/x86_64-linux-gnu/crtn.o
COLLECT_GCC_OPTIONS='-v' '-o' 'cmTC_b64c3' '-rdynamic' '-shared-libgcc' '-mtune=generic' '-march=x86-64' '-dumpdir' 'cmTC_b64c3.'
make[1]: Leaving directory '/home/cici1109/Desktop/DataBase-project/DataBase-project/build/CMakeFiles/CMakeTmp'


Parsed CXX implicit link information from above output:
  link line regex: [^( *|.*[/\])(ld|([^/\]+-)?ld|collect2)[^/\]*( |$)]
  ignore line: [Change Dir: /home/cici1109/Desktop/DataBase-project/DataBase-project/build/CMakeFiles/CMakeTmp]
  ignore line: []
  ignore line: [Run Build Command:"/usr/bin/make" "cmTC_b64c3/fast"]
  ignore line: [/usr/bin/make -f CMakeFiles/cmTC_b64c3.dir/build.make CMakeFiles/cmTC_b64c3.dir/build]
  ignore line: [make[1]: Entering directory '/home/cici1109/Desktop/DataBase-project/DataBase-project/build/CMakeFiles/CMakeTmp']
  ignore line: [Building CXX object CMakeFiles/cmTC_b64c3.dir/CMakeCXXCompilerABI.cpp.o]
  ignore line: [/usr/local/bin/c++      -o CMakeFiles/cmTC_b64c3.dir/CMakeCXXCompilerABI.cpp.o -c /usr/share/cmake-3.5/Modules/CMakeCXXCompilerABI.cpp]
  ignore line: [Linking CXX executable cmTC_b64c3]
  ignore line: [/usr/bin/cmake -E cmake_link_script CMakeFiles/cmTC_b64c3.dir/link.txt --verbose=1]
  ignore line: [/usr/local/bin/c++       -v CMakeFiles/cmTC_b64c3.dir/CMakeCXXCompilerABI.cpp.o  -o cmTC_b64c3 -rdynamic  ]
  ignore line: [Using built-in specs.]
  ignore line: [COLLECT_GCC=/usr/local/bin/c++]
  ignore line: [COLLECT_LTO_WRAPPER=/usr/local/libexec/gcc/x86_64-pc-linux-gnu/11.2.0/lto-wrapper]
  ignore line: [Target: x86_64-pc-linux-gnu]
  ignore line: [Configured with: ../configure -enable-checking=release -enable-languages=c,c++ -disable-multilib]
  ignore line: [Thread model: posix]
  ignore line: [Supported LTO compression algorithms: zlib]
  ignore line: [gcc version 11.2.0 (GCC) ]
  ignore line: [COMPILER_PATH=/usr/local/libexec/gcc/x86_64-pc-linux-gnu/11.2.0/:/usr/local/libexec/gcc/x86_64-pc-linux-gnu/11.2.0/:/usr/local/libexec/gcc/x86_64-pc-linux-gnu/:/usr/local/lib/gcc/x86_64-pc-linux-gnu/11.2.0/:/usr/local/lib/gcc/x86_64-pc-linux-gnu/]
  ignore line: [LIBRARY_PATH=/usr/local/lib/gcc/x86_64-pc-linux-gnu/11.2.0/:/usr/local/lib/gcc/x86_64-pc-linux-gnu/11.2.0/../../../../lib64/:/lib/x86_64-linux-gnu/:/lib/../lib64/:/usr/lib/x86_64-linux-gnu/:/usr/local/lib/gcc/x86_64-pc-linux-gnu/11.2.0/../../../:/lib/:/usr/lib/]
  ignore line: [COLLECT_GCC_OPTIONS='-v' '-o' 'cmTC_b64c3' '-rdynamic' '-shared-libgcc' '-mtune=generic' '-march=x86-64' '-dumpdir' 'cmTC_b64c3.']
  link line: [ /usr/local/libexec/gcc/x86_64-pc-linux-gnu/11.2.0/collect2 -plugin /usr/local/libexec/gcc/x86_64-pc-linux-gnu/11.2.0/liblto_plugin.so -plugin-opt=/usr/local/libexec/gcc/x86_64-pc-linux-gnu/11.2.0/lto-wrapper -plugin-opt=-fresolution=/tmp/ccUAq2tv.res -plugin-opt=-pass-through=-lgcc_s -plugin-opt=-pass-through=-lgcc -plugin-opt=-pass-through=-lc -plugin-opt=-pass-through=-lgcc_s -plugin-opt=-pass-through=-lgcc --eh-frame-hdr -m elf_x86_64 -export-dynamic -dynamic-linker /lib64/ld-linux-x86-64.so.2 -o cmTC_b64c3 /usr/lib/x86_64-linux-gnu/crt1.o /usr/lib/x86_64-linux-gnu/crti.o /usr/local/lib/gcc/x86_64-pc-linux-gnu/11.2.0/crtbegin.o -L/usr/local/lib/gcc/x86_64-pc-linux-gnu/11.2.0 -L/usr/local/lib/gcc/x86_64-pc-linux-gnu/11.2.0/../../../../lib64 -L/lib/x86_64-linux-gnu -L/lib/../lib64 -L/usr/lib/x86_64-linux-gnu -L/usr/local/lib/gcc/x86_64-pc-linux-gnu/11.2.0/../../.. CMakeFiles/cmTC_b64c3.dir/CMakeCXXCompilerABI.cpp.o -lstdc++ -lm -lgcc_s -lgcc -lc -lgcc_s -lgcc /usr/local/lib/gcc/x86_64-pc-linux-gnu/11.2.0/crtend.o /usr/lib/x86_64-linux-gnu/crtn.o]
    arg [/usr/local/libexec/gcc/x86_64-pc-linux-gnu/11.2.0/collect2] ==> ignore
    arg [-plugin] ==> ignore
    arg [/usr/local/libexec/gcc/x86_64-pc-linux-gnu/11.2.0/liblto_plugin.so] ==> ignore
    arg [-plugin-opt=/usr/local/libexec/gcc/x86_64-pc-linux-gnu/11.2.0/lto-wrapper] ==> ignore
    arg [-plugin-opt=-fresolution=/tmp/ccUAq2tv.res] ==> ignore
    arg [-plugin-opt=-pass-through=-lgcc_s] ==> ignore
    arg [-plugin-opt=-pass-through=-lgcc] ==> ignore
    arg [-plugin-opt=-pass-through=-lc] ==> ignore
    arg [-plugin-opt=-pass-through=-lgcc_s] ==> ignore
    arg [-plugin-opt=-pass-through=-lgcc] ==> ignore
    arg [--eh-frame-hdr] ==> ignore
    arg [-m] ==> ignore
    arg [elf_x86_64] ==> ignore
    arg [-export-dynamic] ==> ignore
    arg [-dynamic-linker] ==> ignore
    arg [/lib64/ld-linux-x86-64.so.2] ==> ignore
    arg [-o] ==> ignore
    arg [cmTC_b64c3] ==> ignore
    arg [/usr/lib/x86_64-linux-gnu/crt1.o] ==> ignore
    arg [/usr/lib/x86_64-linux-gnu/crti.o] ==> ignore
    arg [/usr/local/lib/gcc/x86_64-pc-linux-gnu/11.2.0/crtbegin.o] ==> ignore
    arg [-L/usr/local/lib/gcc/x86_64-pc-linux-gnu/11.2.0] ==> dir [/usr/local/lib/gcc/x86_64-pc-linux-gnu/11.2.0]
    arg [-L/usr/local/lib/gcc/x86_64-pc-linux-gnu/11.2.0/../../../../lib64] ==> dir [/usr/local/lib/gcc/x86_64-pc-linux-gnu/11.2.0/../../../../lib64]
    arg [-L/lib/x86_64-linux-gnu] ==> dir [/lib/x86_64-linux-gnu]
    arg [-L/lib/../lib64] ==> dir [/lib/../lib64]
    arg [-L/usr/lib/x86_64-linux-gnu] ==> dir [/usr/lib/x86_64-linux-gnu]
    arg [-L/usr/local/lib/gcc/x86_64-pc-linux-gnu/11.2.0/../../..] ==> dir [/usr/local/lib/gcc/x86_64-pc-linux-gnu/11.2.0/../../..]
    arg [CMakeFiles/cmTC_b64c3.dir/CMakeCXXCompilerABI.cpp.o] ==> ignore
    arg [-lstdc++] ==> lib [stdc++]
    arg [-lm] ==> lib [m]
    arg [-lgcc_s] ==> lib [gcc_s]
    arg [-lgcc] ==> lib [gcc]
    arg [-lc] ==> lib [c]
    arg [-lgcc_s] ==> lib [gcc_s]
    arg [-lgcc] ==> lib [gcc]
    arg [/usr/local/lib/gcc/x86_64-pc-linux-gnu/11.2.0/crtend.o] ==> ignore
    arg [/usr/lib/x86_64-linux-gnu/crtn.o] ==> ignore
  remove lib [gcc_s]
  remove lib [gcc]
  remove lib [gcc_s]
  remove lib [gcc]
  collapse library dir [/usr/local/lib/gcc/x86_64-pc-linux-gnu/11.2.0] ==> [/usr/local/lib/gcc/x86_64-pc-linux-gnu/11.2.0]
  collapse library dir [/usr/local/lib/gcc/x86_64-pc-linux-gnu/11.2.0/../../../../lib64] ==> [/usr/local/lib64]
  collapse library dir [/lib/x86_64-linux-gnu] ==> [/lib/x86_64-linux-gnu]
  collapse library dir [/lib/../lib64] ==> [/lib64]
  collapse library dir [/usr/lib/x86_64-linux-gnu] ==> [/usr/lib/x86_64-linux-gnu]
  collapse library dir [/usr/local/lib/gcc/x86_64-pc-linux-gnu/11.2.0/../../..] ==> [/usr/local/lib]
  implicit libs: [stdc++;m;c]
  implicit dirs: [/usr/local/lib/gcc/x86_64-pc-linux-gnu/11.2.0;/usr/local/lib64;/lib/x86_64-linux-gnu;/lib64;/usr/lib/x86_64-linux-gnu;/usr/local/lib]
  implicit fwks: []




Detecting CXX [-std=c++14] compiler features compiled with the following output:
Change Dir: /home/cici1109/Desktop/DataBase-project/DataBase-project/build/CMakeFiles/CMakeTmp

Run Build Command:"/usr/bin/make" "cmTC_2915c/fast"
/usr/bin/make -f CMakeFiles/cmTC_2915c.dir/build.make CMakeFiles/cmTC_2915c.dir/build
make[1]: Entering directory '/home/cici1109/Desktop/DataBase-project/DataBase-project/build/CMakeFiles/CMakeTmp'
Building CXX object CMakeFiles/cmTC_2915c.dir/feature_tests.cxx.o
/usr/local/bin/c++     -std=c++14 -o CMakeFiles/cmTC_2915c.dir/feature_tests.cxx.o -c /home/cici1109/Desktop/DataBase-project/DataBase-project/build/CMakeFiles/feature_tests.cxx
Linking CXX executable cmTC_2915c
/usr/bin/cmake -E cmake_link_script CMakeFiles/cmTC_2915c.dir/link.txt --verbose=1
/usr/local/bin/c++        CMakeFiles/cmTC_2915c.dir/feature_tests.cxx.o  -o cmTC_2915c -rdynamic 
make[1]: Leaving directory '/home/cici1109/Desktop/DataBase-project/DataBase-project/build/CMakeFiles/CMakeTmp'


    Feature record: CXX_FEATURE:1cxx_aggregate_default_initializers
    Feature record: CXX_FEATURE:1cxx_alias_templates
    Feature record: CXX_FEATURE:1cxx_alignas
    Feature record: CXX_FEATURE:1cxx_alignof
    Feature record: CXX_FEATURE:1cxx_attributes
    Feature record: CXX_FEATURE:1cxx_attribute_deprecated
    Feature record: CXX_FEATURE:1cxx_auto_type
    Feature record: CXX_FEATURE:1cxx_binary_literals
    Feature record: CXX_FEATURE:1cxx_constexpr
    Feature record: CXX_FEATURE:1cxx_contextual_conversions
    Feature record: CXX_FEATURE:1cxx_decltype
    Feature record: CXX_FEATURE:1cxx_decltype_auto
    Feature record: CXX_FEATURE:1cxx_decltype_incomplete_return_types
    Feature record: CXX_FEATURE:1cxx_default_function_template_args
    Feature record: CXX_FEATURE:1cxx_defaulted_functions
    Feature record: CXX_FEATURE:1cxx_defaulted_move_initializers
    Feature record: CXX_FEATURE:1cxx_delegating_constructors
    Feature record: CXX_FEATURE:1cxx_deleted_functions
    Feature record: CXX_FEATURE:1cxx_digit_separators
    Feature record: CXX_FEATURE:1cxx_enum_forward_declarations
    Feature record: CXX_FEATURE:1cxx_explicit_conversions
    Feature record: CXX_FEATURE:1cxx_extended_friend_declarations
    Feature record: CXX_FEATURE:1cxx_extern_templates
    Feature record: CXX_FEATURE:1cxx_final
    Feature record: CXX_FEATURE:1cxx_func_identifier
    Feature record: CXX_FEATURE:1cxx_generalized_initializers
    Feature record: CXX_FEATURE:1cxx_generic_lambdas
    Feature record: CXX_FEATURE:1cxx_inheriting_constructors
    Feature record: CXX_FEATURE:1cxx_inline_namespaces
    Feature record: CXX_FEATURE:1cxx_lambdas
    Feature record: CXX_FEATURE:1cxx_lambda_init_captures
    Feature record: CXX_FEATURE:1cxx_local_type_template_args
    Feature record: CXX_FEATURE:1cxx_long_long_type
    Feature record: CXX_FEATURE:1cxx_noexcept
    Feature record: CXX_FEATURE:1cxx_nonstatic_member_init
    Feature record: CXX_FEATURE:1cxx_nullptr
    Feature record: CXX_FEATURE:1cxx_override
    Feature record: CXX_FEATURE:1cxx_range_for
    Feature record: CXX_FEATURE:1cxx_raw_string_literals
    Feature record: CXX_FEATURE:1cxx_reference_qualified_functions
    Feature record: CXX_FEATURE:1cxx_relaxed_constexpr
    Feature record: CXX_FEATURE:1cxx_return_type_deduction
    Feature record: CXX_FEATURE:1cxx_right_angle_brackets
    Feature record: CXX_FEATURE:1cxx_rvalue_references
    Feature record: CXX_FEATURE:1cxx_sizeof_member
    Feature record: CXX_FEATURE:1cxx_static_assert
    Feature record: CXX_FEATURE:1cxx_strong_enums
    Feature record: CXX_FEATURE:1cxx_template_template_parameters
    Feature record: CXX_FEATURE:1cxx_thread_local
    Feature record: CXX_FEATURE:1cxx_trailing_return_types
    Feature record: CXX_FEATURE:1cxx_unicode_literals
    Feature record: CXX_FEATURE:1cxx_uniform_initialization
    Feature record: CXX_FEATURE:1cxx_unrestricted_unions
    Feature record: CXX_FEATURE:1cxx_user_literals
    Feature record: CXX_FEATURE:1cxx_variable_templates
    Feature record: CXX_FEATURE:1cxx_variadic_macros
    Feature record: CXX_FEATURE:1cxx_variadic_templates


Detecting CXX [-std=c++11] compiler features compiled with the following output:
Change Dir: /home/cici1109/Desktop/DataBase-project/DataBase-project/build/CMakeFiles/CMakeTmp

Run Build Command:"/usr/bin/make" "cmTC_45222/fast"
/usr/bin/make -f CMakeFiles/cmTC_45222.dir/build.make CMakeFiles/cmTC_45222.dir/build
make[1]: Entering directory '/home/cici1109/Desktop/DataBase-project/DataBase-project/build/CMakeFiles/CMakeTmp'
Building CXX object CMakeFiles/cmTC_45222.dir/feature_tests.cxx.o
/usr/local/bin/c++     -std=c++11 -o CMakeFiles/cmTC_45222.dir/feature_tests.cxx.o -c /home/cici1109/Desktop/DataBase-project/DataBase-project/build/CMakeFiles/feature_tests.cxx
Linking CXX executable cmTC_45222
/usr/bin/cmake -E cmake_link_script CMakeFiles/cmTC_45222.dir/link.txt --verbose=1
/usr/local/bin/c++        CMakeFiles/cmTC_45222.dir/feature_tests.cxx.o  -o cmTC_45222 -rdynamic 
make[1]: Leaving directory '/home/cici1109/Desktop/DataBase-project/DataBase-project/build/CMakeFiles/CMakeTmp'


    Feature record: CXX_FEATURE:0cxx_aggregate_default_initializers
    Feature record: CXX_FEATURE:1cxx_alias_templates
    Feature record: CXX_FEATURE:1cxx_alignas
    Feature record: CXX_FEATURE:1cxx_alignof
    Feature record: CXX_FEATURE:1cxx_attributes
    Feature record: CXX_FEATURE:0cxx_attribute_deprecated
    Feature record: CXX_FEATURE:1cxx_auto_type
    Feature record: CXX_FEATURE:0cxx_binary_literals
    Feature record: CXX_FEATURE:1cxx_constexpr
    Feature record: CXX_FEATURE:0cxx_contextual_conversions
    Feature record: CXX_FEATURE:1cxx_decltype
    Feature record: CXX_FEATURE:0cxx_decltype_auto
    Feature record: CXX_FEATURE:1cxx_decltype_incomplete_return_types
    Feature record: CXX_FEATURE:1cxx_default_function_template_args
    Feature record: CXX_FEATURE:1cxx_defaulted_functions
    Feature record: CXX_FEATURE:1cxx_defaulted_move_initializers
    Feature record: CXX_FEATURE:1cxx_delegating_constructors
    Feature record: CXX_FEATURE:1cxx_deleted_functions
    Feature record: CXX_FEATURE:0cxx_digit_separators
    Feature record: CXX_FEATURE:1cxx_enum_forward_declarations
    Feature record: CXX_FEATURE:1cxx_explicit_conversions
    Feature record: CXX_FEATURE:1cxx_extended_friend_declarations
    Feature record: CXX_FEATURE:1cxx_extern_templates
    Feature record: CXX_FEATURE:1cxx_final
    Feature record: CXX_FEATURE:1cxx_func_identifier
    Feature record: CXX_FEATURE:1cxx_generalized_initializers
    Feature record: CXX_FEATURE:0cxx_generic_lambdas
    Feature record: CXX_FEATURE:1cxx_inheriting_constructors
    Feature record: CXX_FEATURE:1cxx_inline_namespaces
    Feature record: CXX_FEATURE:1cxx_lambdas
    Feature record: CXX_FEATURE:0cxx_lambda_init_captures
    Feature record: CXX_FEATURE:1cxx_local_type_template_args
    Feature record: CXX_FEATURE:1cxx_long_long_type
    Feature record: CXX_FEATURE:1cxx_noexcept
    Feature record: CXX_FEATURE:1cxx_nonstatic_member_init
    Feature record: CXX_FEATURE:1cxx_nullptr
    Feature record: CXX_FEATURE:1cxx_override
    Feature record: CXX_FEATURE:1cxx_range_for
    Feature record: CXX_FEATURE:1cxx_raw_string_literals
    Feature record: CXX_FEATURE:1cxx_reference_qualified_functions
    Feature record: CXX_FEATURE:0cxx_relaxed_constexpr
    Feature record: CXX_FEATURE:0cxx_return_type_deduction
    Feature record: CXX_FEATURE:1cxx_right_angle_brackets
    Feature record: CXX_FEATURE:1cxx_rvalue_references
    Feature record: CXX_FEATURE:1cxx_sizeof_member
    Feature record: CXX_FEATURE:1cxx_static_assert
    Feature record: CXX_FEATURE:1cxx_strong_enums
    Feature record: CXX_FEATURE:1cxx_template_template_parameters
    Feature record: CXX_FEATURE:1cxx_thread_local
    Feature record: CXX_FEATURE:1cxx_trailing_return_types
    Feature record: CXX_FEATURE:1cxx_unicode_literals
    Feature record: CXX_FEATURE:1cxx_uniform_initialization
    Feature record: CXX_FEATURE:1cxx_unrestricted_unions
    Feature record: CXX_FEATURE:1cxx_user_literals
    Feature record: CXX_FEATURE:0cxx_variable_templates
    Feature record: CXX_FEATURE:1cxx_variadic_macros
    Feature record: CXX_FEATURE:1cxx_variadic_templates


Detecting CXX [-std=c++98] compiler features compiled with the following output:
Change Dir: /home/cici1109/Desktop/DataBase-project/DataBase-project/build/CMakeFiles/CMakeTmp

Run Build Command:"/usr/bin/make" "cmTC_4761b/fast"
/usr/bin/make -f CMakeFiles/cmTC_4761b.dir/build.make CMakeFiles/cmTC_4761b.dir/build
make[1]: Entering directory '/home/cici1109/Desktop/DataBase-project/DataBase-project/build/CMakeFiles/CMakeTmp'
Building CXX object CMakeFiles/cmTC_4761b.dir/feature_tests.cxx.o
/usr/local/bin/c++     -std=c++98 -o CMakeFiles/cmTC_4761b.dir/feature_tests.cxx.o -c /home/cici1109/Desktop/DataBase-project/DataBase-project/build/CMakeFiles/feature_tests.cxx
Linking CXX executable cmTC_4761b
/usr/bin/cmake -E cmake_link_script CMakeFiles/cmTC_4761b.dir/link.txt --verbose=1
/usr/local/bin/c++        CMakeFiles/cmTC_4761b.dir/feature_tests.cxx.o  -o cmTC_4761b -rdynamic 
make[1]: Leaving directory '/home/cici1109/Desktop/DataBase-project/DataBase-project/build/CMakeFiles/CMakeTmp'


    Feature record: CXX_FEATURE:0cxx_aggregate_default_initializers
    Feature record: CXX_FEATURE:0cxx_alias_templates
    Feature record: CXX_FEATURE:0cxx_alignas
    Feature record: CXX_FEATURE:0cxx_alignof
    Feature record: CXX_FEATURE:0cxx_attributes
    Feature record: CXX_FEATURE:0cxx_attribute_deprecated
    Feature record: CXX_FEATURE:0cxx_auto_type
    Feature record: CXX_FEATURE:0cxx_binary_literals
    Feature record: CXX_FEATURE:0cxx_constexpr
    Feature record: CXX_FEATURE:0cxx_contextual_conversions
    Feature record: CXX_FEATURE:0cxx_decltype
    Feature record: CXX_FEATURE:0cxx_decltype_auto
    Feature record: CXX_FEATURE:0cxx_decltype_incomplete_return_types
    Feature record: CXX_FEATURE:0cxx_default_function_template_args
    Feature record: CXX_FEATURE:0cxx_defaulted_functions
    Feature record: CXX_FEATURE:0cxx_defaulted_move_initializers
    Feature record: CXX_FEATURE:0cxx_delegating_constructors
    Feature record: CXX_FEATURE:0cxx_deleted_functions
    Feature record: CXX_FEATURE:0cxx_digit_separators
    Feature record: CXX_FEATURE:0cxx_enum_forward_declarations
    Feature record: CXX_FEATURE:0cxx_explicit_conversions
    Feature record: CXX_FEATURE:0cxx_extended_friend_declarations
    Feature record: CXX_FEATURE:0cxx_extern_templates
    Feature record: CXX_FEATURE:0cxx_final
    Feature record: CXX_FEATURE:0cxx_func_identifier
    Feature record: CXX_FEATURE:0cxx_generalized_initializers
    Feature record: CXX_FEATURE:0cxx_generic_lambdas
    Feature record: CXX_FEATURE:0cxx_inheriting_constructors
    Feature record: CXX_FEATURE:0cxx_inline_namespaces
    Feature record: CXX_FEATURE:0cxx_lambdas
    Feature record: CXX_FEATURE:0cxx_lambda_init_captures
    Feature record: CXX_FEATURE:0cxx_local_type_template_args
    Feature record: CXX_FEATURE:0cxx_long_long_type
    Feature record: CXX_FEATURE:0cxx_noexcept
    Feature record: CXX_FEATURE:0cxx_nonstatic_member_init
    Feature record: CXX_FEATURE:0cxx_nullptr
    Feature record: CXX_FEATURE:0cxx_override
    Feature record: CXX_FEATURE:0cxx_range_for
    Feature record: CXX_FEATURE:0cxx_raw_string_literals
    Feature record: CXX_FEATURE:0cxx_reference_qualified_functions
    Feature record: CXX_FEATURE:0cxx_relaxed_constexpr
    Feature record: CXX_FEATURE:0cxx_return_type_deduction
    Feature record: CXX_FEATURE:0cxx_right_angle_brackets
    Feature record: CXX_FEATURE:0cxx_rvalue_references
    Feature record: CXX_FEATURE:0cxx_sizeof_member
    Feature record: CXX_FEATURE:0cxx_static_assert
    Feature record: CXX_FEATURE:0cxx_strong_enums
    Feature record: CXX_FEATURE:1cxx_template_template_parameters
    Feature record: CXX_FEATURE:0cxx_thread_local
    Feature record: CXX_FEATURE:0cxx_trailing_return_types
    Feature record: CXX_FEATURE:0cxx_unicode_literals
    Feature record: CXX_FEATURE:0cxx_uniform_initialization
    Feature record: CXX_FEATURE:0cxx_unrestricted_unions
    Feature record: CXX_FEATURE:0cxx_user_literals
    Feature record: CXX_FEATURE:0cxx_variable_templates
    Feature record: CXX_FEATURE:0cxx_variadic_macros
    Feature record: CXX_FEATURE:0cxx_variadic_templates
Determining if the C compiler works passed with the following output:
Change Dir: /home/cici1109/Desktop/DataBase-project/DataBase-project/build/CMakeFiles/CMakeTmp

Run Build Command:"/usr/bin/make" "cmTC_3f086/fast"
/usr/bin/make -f CMakeFiles/cmTC_3f086.dir/build.make CMakeFiles/cmTC_3f086.dir/build
make[1]: Entering directory '/home/cici1109/Desktop/DataBase-project/DataBase-project/build/CMakeFiles/CMakeTmp'
Building C object CMakeFiles/cmTC_3f086.dir/testCCompiler.c.o
/usr/local/bin/gcc     -o CMakeFiles/cmTC_3f086.dir/testCCompiler.c.o   -c /home/cici1109/Desktop/DataBase-project/DataBase-project/build/CMakeFiles/CMakeTmp/testCCompiler.c
Linking C executable cmTC_3f086
/usr/bin/cmake -E cmake_link_script CMakeFiles/cmTC_3f086.dir/link.txt --verbose=1
/usr/local/bin/gcc       CMakeFiles/cmTC_3f086.dir/testCCompiler.c.o  -o cmTC_3f086 -rdynamic 
make[1]: Leaving directory '/home/cici1109/Desktop/DataBase-project/DataBase-project/build/CMakeFiles/CMakeTmp'


Detecting C compiler ABI info compiled with the following output:
Change Dir: /home/cici1109/Desktop/DataBase-project/DataBase-project/build/CMakeFiles/CMakeTmp

Run Build Command:"/usr/bin/make" "cmTC_2b646/fast"
/usr/bin/make -f CMakeFiles/cmTC_2b646.dir/build.make CMakeFiles/cmTC_2b646.dir/build
make[1]: Entering directory '/home/cici1109/Desktop/DataBase-project/DataBase-project/build/CMakeFiles/CMakeTmp'
Building C object CMakeFiles/cmTC_2b646.dir/CMakeCCompilerABI.c.o
/usr/local/bin/gcc     -o CMakeFiles/cmTC_2b646.dir/CMakeCCompilerABI.c.o   -c /usr/share/cmake-3.5/Modules/CMakeCCompilerABI.c
Linking C executable cmTC_2b646
/usr/bin/cmake -E cmake_link_script CMakeFiles/cmTC_2b646.dir/link.txt --verbose=1
/usr/local/bin/gcc      -v CMakeFiles/cmTC_2b646.dir/CMakeCCompilerABI.c.o  -o cmTC_2b646 -rdynamic  
Using built-in specs.
COLLECT_GCC=/usr/local/bin/gcc
COLLECT_LTO_WRAPPER=/usr/local/libexec/gcc/x86_64-pc-linux-gnu/11.2.0/lto-wrapper
Target: x86_64-pc-linux-gnu
Configured with: ../configure -enable-checking=release -enable-languages=c,c++ -disable-multilib
Thread model: posix
Supported LTO compression algorithms: zlib
gcc version 11.2.0 (GCC) 
COMPILER_PATH=/usr/local/libexec/gcc/x86_64-pc-linux-gnu/11.2.0/:/usr/local/libexec/gcc/x86_64-pc-linux-gnu/11.2.0/:/usr/local/libexec/gcc/x86_64-pc-linux-gnu/:/usr/local/lib/gcc/x86_64-pc-linux-gnu/11.2.0/:/usr/local/lib/gcc/x86_64-pc-linux-gnu/
LIBRARY_PATH=/usr/local/lib/gcc/x86_64-pc-linux-gnu/11.2.0/:/usr/local/lib/gcc/x86_64-pc-linux-gnu/11.2.0/../../../../lib64/:/lib/x86_64-linux-gnu/:/lib/../lib64/:/usr/lib/x86_64-linux-gnu/:/usr/local/lib/gcc/x86_64-pc-linux-gnu/11.2.0/../../../:/lib/:/usr/lib/
COLLECT_GCC_OPTIONS='-v' '-o' 'cmTC_2b646' '-rdynamic' '-mtune=generic' '-march=x86-64' '-dumpdir' 'cmTC_2b646.'
 /usr/local/libexec/gcc/x86_64-pc-linux-gnu/11.2.0/collect2 -plugin /usr/local/libexec/gcc/x86_64-pc-linux-gnu/11.2.0/liblto_plugin.so -plugin-opt=/usr/local/libexec/gcc/x86_64-pc-linux-gnu/11.2.0/lto-wrapper -plugin-opt=-fresolution=/tmp/ccfwKHcW.res -plugin-opt=-pass-through=-lgcc -plugin-opt=-pass-through=-lgcc_s -plugin-opt=-pass-through=-lc -plugin-opt=-pass-through=-lgcc -plugin-opt=-pass-through=-lgcc_s --eh-frame-hdr -m elf_x86_64 -export-dynamic -dynamic-linker /lib64/ld-linux-x86-64.so.2 -o cmTC_2b646 /usr/lib/x86_64-linux-gnu/crt1.o /usr/lib/x86_64-linux-gnu/crti.o /usr/local/lib/gcc/x86_64-pc-linux-gnu/11.2.0/crtbegin.o -L/usr/local/lib/gcc/x86_64-pc-linux-gnu/11.2.0 -L/usr/local/lib/gcc/x86_64-pc-linux-gnu/11.2.0/../../../../lib64 -L/lib/x86_64-linux-gnu -L/lib/../lib64 -L/usr/lib/x86_64-linux-gnu -L/usr/local/lib/gcc/x86_64-pc-linux-gnu/11.2.0/../../.. CMakeFiles/cmTC_2b646.dir/CMakeCCompilerABI.c.o -lgcc --as-needed -lgcc_s --no-as-needed -lc -lgcc --as-needed -lgcc_s --no-as-needed /usr/local/lib/gcc/x86_64-pc-linux-gnu/11.2.0/crtend.o /usr/lib/x86_64-linux-gnu/crtn.o
COLLECT_GCC_OPTIONS='-v' '-o' 'cmTC_2b646' '-rdynamic' '-mtune=generic' '-march=x86-64' '-dumpdir' 'cmTC_2b646.'
make[1]: Leaving directory '/home/cici1109/Desktop/DataBase-project/DataBase-project/build/CMakeFiles/CMakeTmp'


Parsed C implicit link information from above output:
  link line regex: [^( *|.*[/\])(ld|([^/\]+-)?ld|collect2)[^/\]*( |$)]
  ignore line: [Change Dir: /home/cici1109/Desktop/DataBase-project/DataBase-project/build/CMakeFiles/CMakeTmp]
  ignore line: []
  ignore line: [Run Build Command:"/usr/bin/make" "cmTC_2b646/fast"]
  ignore line: [/usr/bin/make -f CMakeFiles/cmTC_2b646.dir/build.make CMakeFiles/cmTC_2b646.dir/build]
  ignore line: [make[1]: Entering directory '/home/cici1109/Desktop/DataBase-project/DataBase-project/build/CMakeFiles/CMakeTmp']
  ignore line: [Building C object CMakeFiles/cmTC_2b646.dir/CMakeCCompilerABI.c.o]
  ignore line: [/usr/local/bin/gcc     -o CMakeFiles/cmTC_2b646.dir/CMakeCCompilerABI.c.o   -c /usr/share/cmake-3.5/Modules/CMakeCCompilerABI.c]
  ignore line: [Linking C executable cmTC_2b646]
  ignore line: [/usr/bin/cmake -E cmake_link_script CMakeFiles/cmTC_2b646.dir/link.txt --verbose=1]
  ignore line: [/usr/local/bin/gcc      -v CMakeFiles/cmTC_2b646.dir/CMakeCCompilerABI.c.o  -o cmTC_2b646 -rdynamic  ]
  ignore line: [Using built-in specs.]
  ignore line: [COLLECT_GCC=/usr/local/bin/gcc]
  ignore line: [COLLECT_LTO_WRAPPER=/usr/local/libexec/gcc/x86_64-pc-linux-gnu/11.2.0/lto-wrapper]
  ignore line: [Target: x86_64-pc-linux-gnu]
  ignore line: [Configured with: ../configure -enable-checking=release -enable-languages=c,c++ -disable-multilib]
  ignore line: [Thread model: posix]
  ignore line: [Supported LTO compression algorithms: zlib]
  ignore line: [gcc version 11.2.0 (GCC) ]
  ignore line: [COMPILER_PATH=/usr/local/libexec/gcc/x86_64-pc-linux-gnu/11.2.0/:/usr/local/libexec/gcc/x86_64-pc-linux-gnu/11.2.0/:/usr/local/libexec/gcc/x86_64-pc-linux-gnu/:/usr/local/lib/gcc/x86_64-pc-linux-gnu/11.2.0/:/usr/local/lib/gcc/x86_64-pc-linux-gnu/]
  ignore line: [LIBRARY_PATH=/usr/local/lib/gcc/x86_64-pc-linux-gnu/11.2.0/:/usr/local/lib/gcc/x86_64-pc-linux-gnu/11.2.0/../../../../lib64/:/lib/x86_64-linux-gnu/:/lib/../lib64/:/usr/lib/x86_64-linux-gnu/:/usr/local/lib/gcc/x86_64-pc-linux-gnu/11.2.0/../../../:/lib/:/usr/lib/]
  ignore line: [COLLECT_GCC_OPTIONS='-v' '-o' 'cmTC_2b646' '-rdynamic' '-mtune=generic' '-march=x86-64' '-dumpdir' 'cmTC_2b646.']
  link line: [ /usr/local/libexec/gcc/x86_64-pc-linux-gnu/11.2.0/collect2 -plugin /usr/local/libexec/gcc/x86_64-pc-linux-gnu/11.2.0/liblto_plugin.so -plugin-opt=/usr/local/libexec/gcc/x86_64-pc-linux-gnu/11.2.0/lto-wrapper -plugin-opt=-fresolution=/tmp/ccfwKHcW.res -plugin-opt=-pass-through=-lgcc -plugin-opt=-pass-through=-lgcc_s -plugin-opt=-pass-through=-lc -plugin-opt=-pass-through=-lgcc -plugin-opt=-pass-through=-lgcc_s --eh-frame-hdr -m elf_x86_64 -export-dynamic -dynamic-linker /lib64/ld-linux-x86-64.so.2 -o cmTC_2b646 /usr/lib/x86_64-linux-gnu/crt1.o /usr/lib/x86_64-linux-gnu/crti.o /usr/local/lib/gcc/x86_64-pc-linux-gnu/11.2.0/crtbegin.o -L/usr/local/lib/gcc/x86_64-pc-linux-gnu/11.2.0 -L/usr/local/lib/gcc/x86_64-pc-linux-gnu/11.2.0/../../../../lib64 -L/lib/x86_64-linux-gnu -L/lib/../lib64 -L/usr/lib/x86_64-linux-gnu -L/usr/local/lib/gcc/x86_64-pc-linux-gnu/11.2.0/../../.. CMakeFiles/cmTC_2b646.dir/CMakeCCompilerABI.c.o -lgcc --as-needed -lgcc_s --no-as-needed -lc -lgcc --as-needed -lgcc_s --no-as-needed /usr/local/lib/gcc/x86_64-pc-linux-gnu/11.2.0/crtend.o /usr/lib/x86_64-linux-gnu/crtn.o]
    arg [/usr/local/libexec/gcc/x86_64-pc-linux-gnu/11.2.0/collect2] ==> ignore
    arg [-plugin] ==> ignore
    arg [/usr/local/libexec/gcc/x86_64-pc-linux-gnu/11.2.0/liblto_plugin.so] ==> ignore
    arg [-plugin-opt=/usr/local/libexec/gcc/x86_64-pc-linux-gnu/11.2.0/lto-wrapper] ==> ignore
    arg [-plugin-opt=-fresolution=/tmp/ccfwKHcW.res] ==> ignore
    arg [-plugin-opt=-pass-through=-lgcc] ==> ignore
    arg [-plugin-opt=-pass-through=-lgcc_s] ==> ignore
    arg [-plugin-opt=-pass-through=-lc] ==> ignore
    arg [-plugin-opt=-pass-through=-lgcc] ==> ignore
    arg [-plugin-opt=-pass-through=-lgcc_s] ==> ignore
    arg [--eh-frame-hdr] ==> ignore
    arg [-m] ==> ignore
    arg [elf_x86_64] ==> ignore
    arg [-export-dynamic] ==> ignore
    arg [-dynamic-linker] ==> ignore
    arg [/lib64/ld-linux-x86-64.so.2] ==> ignore
    arg [-o] ==> ignore
    arg [cmTC_2b646] ==> ignore
    arg [/usr/lib/x86_64-linux-gnu/crt1.o] ==> ignore
    arg [/usr/lib/x86_64-linux-gnu/crti.o] ==> ignore
    arg [/usr/local/lib/gcc/x86_64-pc-linux-gnu/11.2.0/crtbegin.o] ==> ignore
    arg [-L/usr/local/lib/gcc/x86_64-pc-linux-gnu/11.2.0] ==> dir [/usr/local/lib/gcc/x86_64-pc-linux-gnu/11.2.0]
    arg [-L/usr/local/lib/gcc/x86_64-pc-linux-gnu/11.2.0/../../../../lib64] ==> dir [/usr/local/lib/gcc/x86_64-pc-linux-gnu/11.2.0/../../../../lib64]
    arg [-L/lib/x86_64-linux-gnu] ==> dir [/lib/x86_64-linux-gnu]
    arg [-L/lib/../lib64] ==> dir [/lib/../lib64]
    arg [-L/usr/lib/x86_64-linux-gnu] ==> dir [/usr/lib/x86_64-linux-gnu]
    arg [-L/usr/local/lib/gcc/x86_64-pc-linux-gnu/11.2.0/../../..] ==> dir [/usr/local/lib/gcc/x86_64-pc-linux-gnu/11.2.0/../../..]
    arg [CMakeFiles/cmTC_2b646.dir/CMakeCCompilerABI.c.o] ==> ignore
    arg [-lgcc] ==> lib [gcc]
    arg [--as-needed] ==> ignore
    arg [-lgcc_s] ==> lib [gcc_s]
    arg [--no-as-needed] ==> ignore
    arg [-lc] ==> lib [c]
    arg [-lgcc] ==> lib [gcc]
    arg [--as-needed] ==> ignore
    arg [-lgcc_s] ==> lib [gcc_s]
    arg [--no-as-needed] ==> ignore
    arg [/usr/local/lib/gcc/x86_64-pc-linux-gnu/11.2.0/crtend.o] ==> ignore
    arg [/usr/lib/x86_64-linux-gnu/crtn.o] ==> ignore
  remove lib [gcc]
  remove lib [gcc_s]
  remove lib [gcc]
  remove lib [gcc_s]
  collapse library dir [/usr/local/lib/gcc/x86_64-pc-linux-gnu/11.2.0] ==> [/usr/local/lib/gcc/x86_64-pc-linux-gnu/11.2.0]
  collapse library dir [/usr/local/lib/gcc/x86_64-pc-linux-gnu/11.2.0/../../../../lib64] ==> [/usr/local/lib64]
  collapse library dir [/lib/x86_64-linux-gnu] ==> [/lib/x86_64-linux-gnu]
  collapse library dir [/lib/../lib64] ==> [/lib64]
  collapse library dir [/usr/lib/x86_64-linux-gnu] ==> [/usr/lib/x86_64-linux-gnu]
  collapse library dir [/usr/local/lib/gcc/x86_64-pc-linux-gnu/11.2.0/../../..] ==> [/usr/local/lib]
  implicit libs: [c]
  implicit dirs: [/usr/local/lib/gcc/x86_64-pc-linux-gnu/11.2.0;/usr/local/lib64;/lib/x86_64-linux-gnu;/lib64;/usr/lib/x86_64-linux-gnu;/usr/local/lib]
  implicit fwks: []




Detecting C [-std=c11] compiler features compiled with the following output:
Change Dir: /home/cici1109/Desktop/DataBase-project/DataBase-project/build/CMakeFiles/CMakeTmp

Run Build Command:"/usr/bin/make" "cmTC_71d00/fast"
/usr/bin/make -f CMakeFiles/cmTC_71d00.dir/build.make CMakeFiles/cmTC_71d00.dir/build
make[1]: Entering directory '/home/cici1109/Desktop/DataBase-project/DataBase-project/build/CMakeFiles/CMakeTmp'
Building C object CMakeFiles/cmTC_71d00.dir/feature_tests.c.o
/usr/local/bin/gcc    -std=c11 -o CMakeFiles/cmTC_71d00.dir/feature_tests.c.o   -c /home/cici1109/Desktop/DataBase-project/DataBase-project/build/CMakeFiles/feature_tests.c
Linking C executable cmTC_71d00
/usr/bin/cmake -E cmake_link_script CMakeFiles/cmTC_71d00.dir/link.txt --verbose=1
/usr/local/bin/gcc       CMakeFiles/cmTC_71d00.dir/feature_tests.c.o  -o cmTC_71d00 -rdynamic 
make[1]: Leaving directory '/home/cici1109/Desktop/DataBase-project/DataBase-project/build/CMakeFiles/CMakeTmp'


    Feature record: C_FEATURE:1c_function_prototypes
    Feature record: C_FEATURE:1c_restrict
    Feature record: C_FEATURE:1c_static_assert
    Feature record: C_FEATURE:1c_variadic_macros


Detecting C [-std=c99] compiler features compiled with the following output:
Change Dir: /home/cici1109/Desktop/DataBase-project/DataBase-project/build/CMakeFiles/CMakeTmp

Run Build Command:"/usr/bin/make" "cmTC_d21ee/fast"
/usr/bin/make -f CMakeFiles/cmTC_d21ee.dir/build.make CMakeFiles/cmTC_d21ee.dir/build
make[1]: Entering directory '/home/cici1109/Desktop/DataBase-project/DataBase-project/build/CMakeFiles/CMakeTmp'
Building C object CMakeFiles/cmTC_d21ee.dir/feature_tests.c.o
/usr/local/bin/gcc    -std=c99 -o CMakeFiles/cmTC_d21ee.dir/feature_tests.c.o   -c /home/cici1109/Desktop/DataBase-project/DataBase-project/build/CMakeFiles/feature_tests.c
Linking C executable cmTC_d21ee
/usr/bin/cmake -E cmake_link_script CMakeFiles/cmTC_d21ee.dir/link.txt --verbose=1
/usr/local/bin/gcc       CMakeFiles/cmTC_d21ee.dir/feature_tests.c.o  -o cmTC_d21ee -rdynamic 
make[1]: Leaving directory '/home/cici1109/Desktop/DataBase-project/DataBase-project/build/CMakeFiles/CMakeTmp'


    Feature record: C_FEATURE:1c_function_prototypes
    Feature record: C_FEATURE:1c_restrict
    Feature record: C_FEATURE:0c_static_assert
    Feature record: C_FEATURE:1c_variadic_macros


Detecting C [-std=c90] compiler features compiled with the following output:
Change Dir: /home/cici1109/Desktop/DataBase-project/DataBase-project/build/CMakeFiles/CMakeTmp

Run Build Command:"/usr/bin/make" "cmTC_8d854/fast"
/usr/bin/make -f CMakeFiles/cmTC_8d854.dir/build.make CMakeFiles/cmTC_8d854.dir/build
make[1]: Entering directory '/home/cici1109/Desktop/DataBase-project/DataBase-project/build/CMakeFiles/CMakeTmp'
Building C object CMakeFiles/cmTC_8d854.dir/feature_tests.c.o
/usr/local/bin/gcc    -std=c90 -o CMakeFiles/cmTC_8d854.dir/feature_tests.c.o   -c /home/cici1109/Desktop/DataBase-project/DataBase-project/build/CMakeFiles/feature_tests.c
Linking C executable cmTC_8d854
/usr/bin/cmake -E cmake_link_script CMakeFiles/cmTC_8d854.dir/link.txt --verbose=1
/usr/local/bin/gcc       CMakeFiles/cmTC_8d854.dir/feature_tests.c.o  -o cmTC_8d854 -rdynamic 
make[1]: Leaving directory '/home/cici1109/Desktop/DataBase-project/DataBase-project/build/CMakeFiles/CMakeTmp'


    Feature record: C_FEATURE:1c_function_prototypes
    Feature record: C_FEATURE:0c_restrict
    Feature record: C_FEATURE:0c_static_assert
    Feature record: C_FEATURE:0c_variadic_macros
Determining if the include file pthread.h exists passed with the following output:
Change Dir: /home/cici1109/Desktop/DataBase-project/DataBase-project/build/CMakeFiles/CMakeTmp

Run Build Command:"/usr/bin/make" "cmTC_c9702/fast"
/usr/bin/make -f CMakeFiles/cmTC_c9702.dir/build.make CMakeFiles/cmTC_c9702.dir/build
make[1]: Entering directory '/home/cici1109/Desktop/DataBase-project/DataBase-project/build/CMakeFiles/CMakeTmp'
Building C object CMakeFiles/cmTC_c9702.dir/CheckIncludeFile.c.o
/usr/local/bin/gcc     -o CMakeFiles/cmTC_c9702.dir/CheckIncludeFile.c.o   -c /home/cici1109/Desktop/DataBase-project/DataBase-project/build/CMakeFiles/CMakeTmp/CheckIncludeFile.c
Linking C executable cmTC_c9702
/usr/bin/cmake -E cmake_link_script CMakeFiles/cmTC_c9702.dir/link.txt --verbose=1
/usr/local/bin/gcc       CMakeFiles/cmTC_c9702.dir/CheckIncludeFile.c.o  -o cmTC_c9702 -rdynamic 
make[1]: Leaving directory '/home/cici1109/Desktop/DataBase-project/DataBase-project/build/CMakeFiles/CMakeTmp'


Determining if the function pthread_create exists in the pthread passed with the following output:
Change Dir: /home/cici1109/Desktop/DataBase-project/DataBase-project/build/CMakeFiles/CMakeTmp

Run Build Command:"/usr/bin/make" "cmTC_7eae1/fast"
/usr/bin/make -f CMakeFiles/cmTC_7eae1.dir/build.make CMakeFiles/cmTC_7eae1.dir/build
make[1]: Entering directory '/home/cici1109/Desktop/DataBase-project/DataBase-project/build/CMakeFiles/CMakeTmp'
Building C object CMakeFiles/cmTC_7eae1.dir/CheckFunctionExists.c.o
/usr/local/bin/gcc    -DCHECK_FUNCTION_EXISTS=pthread_create   -o CMakeFiles/cmTC_7eae1.dir/CheckFunctionExists.c.o   -c /usr/share/cmake-3.5/Modules/CheckFunctionExists.c
Linking C executable cmTC_7eae1
/usr/bin/cmake -E cmake_link_script CMakeFiles/cmTC_7eae1.dir/link.txt --verbose=1
/usr/local/bin/gcc   -DCHECK_FUNCTION_EXISTS=pthread_create    CMakeFiles/cmTC_7eae1.dir/CheckFunctionExists.c.o  -o cmTC_7eae1 -rdynamic -lpthread 
make[1]: Leaving directory '/home/cici1109/Desktop/DataBase-project/DataBase-project/build/CMakeFiles/CMakeTmp'


Performing C++ SOURCE FILE Test COMPILER_SUPPORTS_CXX1y succeeded with the following output:
Change Dir: /home/cici1109/Desktop/DataBase-project/DataBase-project/build/CMakeFiles/CMakeTmp

Run Build Command:"/usr/bin/make" "cmTC_24985/fast"
/usr/bin/make -f CMakeFiles/cmTC_24985.dir/build.make CMakeFiles/cmTC_24985.dir/build
make[1]: Entering directory '/home/cici1109/Desktop/DataBase-project/DataBase-project/build/CMakeFiles/CMakeTmp'
Building CXX object CMakeFiles/cmTC_24985.dir/src.cxx.o
/usr/local/bin/c++     -DCOMPILER_SUPPORTS_CXX1y   -std=c++1y -o CMakeFiles/cmTC_24985.dir/src.cxx.o -c /home/cici1109/Desktop/DataBase-project/DataBase-project/build/CMakeFiles/CMakeTmp/src.cxx
Linking CXX executable cmTC_24985
/usr/bin/cmake -E cmake_link_script CMakeFiles/cmTC_24985.dir/link.txt --verbose=1
/usr/local/bin/c++    -DCOMPILER_SUPPORTS_CXX1y    CMakeFiles/cmTC_24985.dir/src.cxx.o  -o cmTC_24985 -rdynamic 
make[1]: Leaving directory '/home/cici1109/Desktop/DataBase-project/DataBase-project/build/CMakeFiles/CMakeTmp'

Source file was:
int main() { return 0; }
